Performing C SOURCE FILE Test CMAKE_HAVE_LIBC_PTHREAD failed with the following output:
Change Dir: /home/nearthlab/catkin_ws/src/siammask/cmake-build-debug/CMakeFiles/CMakeTmp

Run Build Command(s):/usr/bin/make cmTC_c460f/fast && make[1]: Entering directory '/home/nearthlab/catkin_ws/src/siammask/cmake-build-debug/CMakeFiles/CMakeTmp'
/usr/bin/make -f CMakeFiles/cmTC_c460f.dir/build.make CMakeFiles/cmTC_c460f.dir/build
make[2]: Entering directory '/home/nearthlab/catkin_ws/src/siammask/cmake-build-debug/CMakeFiles/CMakeTmp'
Building C object CMakeFiles/cmTC_c460f.dir/src.c.o
/usr/bin/cc   -DCMAKE_HAVE_LIBC_PTHREAD   -o CMakeFiles/cmTC_c460f.dir/src.c.o   -c /home/nearthlab/catkin_ws/src/siammask/cmake-build-debug/CMakeFiles/CMakeTmp/src.c
Linking C executable cmTC_c460f
/home/nearthlab/Downloads/clion-2019.3.4/bin/cmake/linux/bin/cmake -E cmake_link_script CMakeFiles/cmTC_c460f.dir/link.txt --verbose=1
/usr/bin/cc  -DCMAKE_HAVE_LIBC_PTHREAD    -rdynamic CMakeFiles/cmTC_c460f.dir/src.c.o  -o cmTC_c460f 
CMakeFiles/cmTC_c460f.dir/src.c.o: In function `main':
src.c:(.text+0x3c): undefined reference to `pthread_create'
src.c:(.text+0x48): undefined reference to `pthread_detach'
src.c:(.text+0x59): undefined reference to `pthread_join'
src.c:(.text+0x6d): undefined reference to `pthread_atfork'
collect2: error: ld returned 1 exit status
CMakeFiles/cmTC_c460f.dir/build.make:86: recipe for target 'cmTC_c460f' failed
make[2]: *** [cmTC_c460f] Error 1
make[2]: Leaving directory '/home/nearthlab/catkin_ws/src/siammask/cmake-build-debug/CMakeFiles/CMakeTmp'
Makefile:121: recipe for target 'cmTC_c460f/fast' failed
make[1]: *** [cmTC_c460f/fast] Error 2
make[1]: Leaving directory '/home/nearthlab/catkin_ws/src/siammask/cmake-build-debug/CMakeFiles/CMakeTmp'


Source file was:
#include <pthread.h>

void* test_func(void* data)
{
  return data;
}

int main(void)
{
  pthread_t thread;
  pthread_create(&thread, NULL, test_func, NULL);
  pthread_detach(thread);
  pthread_join(thread, NULL);
  pthread_atfork(NULL, NULL, NULL);
  pthread_exit(NULL);

  return 0;
}

Determining if the function pthread_create exists in the pthreads failed with the following output:
Change Dir: /home/nearthlab/catkin_ws/src/siammask/cmake-build-debug/CMakeFiles/CMakeTmp

Run Build Command(s):/usr/bin/make cmTC_bed36/fast && make[1]: Entering directory '/home/nearthlab/catkin_ws/src/siammask/cmake-build-debug/CMakeFiles/CMakeTmp'
/usr/bin/make -f CMakeFiles/cmTC_bed36.dir/build.make CMakeFiles/cmTC_bed36.dir/build
make[2]: Entering directory '/home/nearthlab/catkin_ws/src/siammask/cmake-build-debug/CMakeFiles/CMakeTmp'
Building C object CMakeFiles/cmTC_bed36.dir/CheckFunctionExists.c.o
/usr/bin/cc   -DCHECK_FUNCTION_EXISTS=pthread_create   -o CMakeFiles/cmTC_bed36.dir/CheckFunctionExists.c.o   -c /home/nearthlab/Downloads/clion-2019.3.4/bin/cmake/linux/share/cmake-3.15/Modules/CheckFunctionExists.c
Linking C executable cmTC_bed36
/home/nearthlab/Downloads/clion-2019.3.4/bin/cmake/linux/bin/cmake -E cmake_link_script CMakeFiles/cmTC_bed36.dir/link.txt --verbose=1
/usr/bin/cc  -DCHECK_FUNCTION_EXISTS=pthread_create    -rdynamic CMakeFiles/cmTC_bed36.dir/CheckFunctionExists.c.o  -o cmTC_bed36 -lpthreads 
/usr/bin/ld: cannot find -lpthreads
collect2: error: ld returned 1 exit status
CMakeFiles/cmTC_bed36.dir/build.make:86: recipe for target 'cmTC_bed36' failed
make[2]: *** [cmTC_bed36] Error 1
make[2]: Leaving directory '/home/nearthlab/catkin_ws/src/siammask/cmake-build-debug/CMakeFiles/CMakeTmp'
Makefile:121: recipe for target 'cmTC_bed36/fast' failed
make[1]: *** [cmTC_bed36/fast] Error 2
make[1]: Leaving directory '/home/nearthlab/catkin_ws/src/siammask/cmake-build-debug/CMakeFiles/CMakeTmp'



